OpencvTesting/15-puzzle/app/build/intermediates/manifest_merge_blame_file/debug/manifest-merger-blame-debug-report.txt
1<?xml version="1.0" encoding="utf-8"?>
2<manifest xmlns:android="http://schemas.android.com/apk/res/android"
3    package="org.opencv.samples.puzzle15"
4    android:versionCode="301"
5    android:versionName="3.01" >
6
7    <uses-sdk
8        android:minSdkVersion="8"
8-->src/main/AndroidManifest.xml
9        android:targetSdkVersion="8" />
9-->src/main/AndroidManifest.xml
10
11    <uses-permission android:name="android.permission.CAMERA" />
11-->src/main/AndroidManifest.xml:25:5-64
11-->src/main/AndroidManifest.xml:25:22-62
12
13    <uses-feature
13-->src/main/AndroidManifest.xml:27:5-84
14        android:name="android.hardware.camera"
14-->src/main/AndroidManifest.xml:27:19-57
15        android:required="false" />
15-->src/main/AndroidManifest.xml:27:58-82
16    <uses-feature
16-->src/main/AndroidManifest.xml:28:5-94
17        android:name="android.hardware.camera.autofocus"
17-->src/main/AndroidManifest.xml:28:19-67
18        android:required="false" />
18-->src/main/AndroidManifest.xml:28:68-92
19    <uses-feature
19-->src/main/AndroidManifest.xml:29:5-90
20        android:name="android.hardware.camera.front"
20-->src/main/AndroidManifest.xml:29:19-63
21        android:required="false" />
21-->src/main/AndroidManifest.xml:29:64-88
22    <uses-feature
22-->src/main/AndroidManifest.xml:30:5-100
23        android:name="android.hardware.camera.front.autofocus"
23-->src/main/AndroidManifest.xml:30:19-73
24        android:required="false" />
24-->src/main/AndroidManifest.xml:30:74-98
25
26    <application
26-->src/main/AndroidManifest.xml:7:5-23:19
27        android:debuggable="true"
28        android:icon="@drawable/icon"
28-->src/main/AndroidManifest.xml:8:9-38
29        android:label="@string/app_name"
29-->src/main/AndroidManifest.xml:9:9-41
30        android:testOnly="true" >
31        <activity
31-->src/main/AndroidManifest.xml:11:9-22:20
32            android:name="org.opencv.samples.puzzle15.Puzzle15Activity"
32-->src/main/AndroidManifest.xml:12:13-45
33            android:configChanges="keyboardHidden|orientation"
33-->src/main/AndroidManifest.xml:15:13-63
34            android:label="@string/app_name"
34-->src/main/AndroidManifest.xml:13:13-45
35            android:screenOrientation="landscape" >
35-->src/main/AndroidManifest.xml:14:13-50
36            <intent-filter>
36-->src/main/AndroidManifest.xml:17:13-21:29
37                <action android:name="android.intent.action.MAIN" />
37-->src/main/AndroidManifest.xml:18:17-69
37-->src/main/AndroidManifest.xml:18:25-66
38
39                <category android:name="android.intent.category.LAUNCHER" />
39-->src/main/AndroidManifest.xml:20:17-77
39-->src/main/AndroidManifest.xml:20:27-74
40            </intent-filter>
41        </activity>
42    </application>
43
44</manifest>